[0.011s] Invoking command in '/home/hualde/misCosas/ros2_ws/src/LearnRoboticsWROS/build/robotiq_controllers': CMAKE_PREFIX_PATH=${CMAKE_PREFIX_PATH}:/home/hualde/misCosas/ros2_ws/install/robotiq_demo:/opt/ros/humble /usr/bin/cmake --build /home/hualde/misCosas/ros2_ws/src/LearnRoboticsWROS/build/robotiq_controllers -- -j16 -l16
[0.059s] [ 50%] [32mBuilding CXX object CMakeFiles/robotiq_controllers.dir/src/robotiq_activation_controller.cpp.o[0m
[1.303s] [01m[K/home/hualde/misCosas/ros2_ws/src/LearnRoboticsWROS/ros2_robotiq_gripper/robotiq_controllers/src/robotiq_activation_controller.cpp:[m[K In member function â€˜[01m[Kbool robotiq_controllers::RobotiqActivationController::reactivateGripper(std_srvs::srv::Trigger_Request_<std::allocator<void> >::SharedPtr, std_srvs::srv::Trigger_Response_<std::allocator<void> >::SharedPtr)[m[Kâ€™:
[1.303s] [01m[K/home/hualde/misCosas/ros2_ws/src/LearnRoboticsWROS/ros2_robotiq_gripper/robotiq_controllers/src/robotiq_activation_controller.cpp:108:77:[m[K [01;31m[Kerror: [m[Kvoid value not ignored as it ought to be
[1.303s]   108 |   resp->success = [01;31m[Kcommand_interfaces_[REACTIVATE_GRIPPER_RESPONSE].set_value(ASYNC_WAITING)[m[K;
[1.303s]       |                   [01;31m[K~~~~~~~~~~~~~~~~~~~~~~~~~~~~~~~~~~~~~~~~~~~~~~~~~~~~~~~~~~^~~~~~~~~~~~~~~[m[K
[1.304s] [01m[K/home/hualde/misCosas/ros2_ws/src/LearnRoboticsWROS/ros2_robotiq_gripper/robotiq_controllers/src/robotiq_activation_controller.cpp:109:73:[m[K [01;31m[Kerror: [m[Kvoid value not ignored as it ought to be
[1.304s]   109 |   resp->success &= [01;31m[Kcommand_interfaces_[REACTIVATE_GRIPPER_CMD].set_value(1.0)[m[K;
[1.304s]       |                    [01;31m[K~~~~~~~~~~~~~~~~~~~~~~~~~~~~~~~~~~~~~~~~~~~~~~~~~~~~~^~~~~[m[K
[1.304s] [01m[K/home/hualde/misCosas/ros2_ws/src/LearnRoboticsWROS/ros2_robotiq_gripper/robotiq_controllers/src/robotiq_activation_controller.cpp:113:79:[m[K [01;31m[Kerror: [m[Kâ€˜[01m[K__gnu_cxx::__alloc_traits<std::allocator<hardware_interface::LoanedCommandInterface>, hardware_interface::LoanedCommandInterface>::value_type[m[Kâ€™ {aka â€˜[01m[Kclass hardware_interface::LoanedCommandInterface[m[Kâ€™} has no member named â€˜[01m[Kget_optional[m[Kâ€™
[1.304s]   113 |     const auto maybe_value = command_interfaces_[REACTIVATE_GRIPPER_RESPONSE].[01;31m[Kget_optional[m[K();
[1.304s]       |                                                                               [01;31m[K^~~~~~~~~~~~[m[K
[1.304s] [01m[K/home/hualde/misCosas/ros2_ws/src/LearnRoboticsWROS/ros2_robotiq_gripper/robotiq_controllers/src/robotiq_activation_controller.cpp:122:87:[m[K [01;31m[Kerror: [m[Kâ€˜[01m[K__gnu_cxx::__alloc_traits<std::allocator<hardware_interface::LoanedCommandInterface>, hardware_interface::LoanedCommandInterface>::value_type[m[Kâ€™ {aka â€˜[01m[Kclass hardware_interface::LoanedCommandInterface[m[Kâ€™} has no member named â€˜[01m[Kget_optional[m[Kâ€™
[1.304s]   122 |   resp->success &= static_cast<bool>(command_interfaces_[REACTIVATE_GRIPPER_RESPONSE].[01;31m[Kget_optional[m[K().value_or(false));
[1.304s]       |                                                                                       [01;31m[K^~~~~~~~~~~~[m[K
[1.596s] gmake[2]: *** [CMakeFiles/robotiq_controllers.dir/build.make:76: CMakeFiles/robotiq_controllers.dir/src/robotiq_activation_controller.cpp.o] Error 1
[1.596s] gmake[1]: *** [CMakeFiles/Makefile2:137: CMakeFiles/robotiq_controllers.dir/all] Error 2
[1.596s] gmake: *** [Makefile:146: all] Error 2
